<?xml version="1.0" encoding="UTF-8"?>
<!-- Generated by org.testng.reporters.JUnitReportReporter -->
<testsuite hostname="Sudhakar" failures="0" tests="3" name="tests.AmazonTestCases" time="27.640" errors="0" timestamp="2021-09-03T22:16:52 IST" skipped="0">
  <testcase classname="tests.AmazonTestCases" name="Registration" time="9.222"/>
  <system-out/>
  <testcase classname="tests.AmazonTestCases" name="addToCart" time="13.351"/>
  <system-out/>
  <testcase classname="tests.AmazonTestCases" name="login" time="5.067"/>
  <system-out/>
</testsuite> <!-- tests.AmazonTestCases -->
