<?xml version="1.0" encoding="UTF-8"?>
<!-- Generated by org.testng.reporters.JUnitReportReporter -->
<testsuite hostname="Sudhakar" failures="0" tests="1" name="tests.LoginTestCase" time="10.641" errors="0" timestamp="2021-09-03T16:52:10 IST" skipped="0">
  <testcase classname="tests.LoginTestCase" name="logintest" time="10.641"/>
  <system-out/>
</testsuite> <!-- tests.LoginTestCase -->
