<?xml version="1.0" encoding="UTF-8"?>
<!-- Generated by org.testng.reporters.JUnitReportReporter -->
<testsuite hostname="Sudhakar" failures="0" tests="1" name="tests.RegistrationTestCase" time="10.752" errors="0" timestamp="2021-09-03T16:34:30 IST" skipped="0">
  <testcase classname="tests.RegistrationTestCase" name="register" time="10.752"/>
  <system-out/>
</testsuite> <!-- tests.RegistrationTestCase -->
